<?xml version="1.0" encoding="UTF-8"?>
<!-- Generated by org.testng.reporters.JUnitXMLReporter -->
<testsuite ignored="0" hostname="joe-PC" failures="0" tests="2" name="Tic Tac Toe Tests" time="0.08" errors="0" timestamp="20 Jul 2021 03:20:21 GMT">
  <testcase classname="base.BaseClass" name="@BeforeSuite SuiteSetup" time="0.022">
    <failure type="java.io.FileNotFoundException" message=".\Resources\Properties\page.properties (The system cannot find the path specified)">
      <![CDATA[java.io.FileNotFoundException: .\Resources\Properties\page.properties (The system cannot find the path specified)
at java.base/java.io.FileInputStream.open0(Native Method)
at java.base/java.io.FileInputStream.open(FileInputStream.java:211)
at java.base/java.io.FileInputStream.<init>(FileInputStream.java:153)
at java.base/java.io.FileInputStream.<init>(FileInputStream.java:108)
at base.BaseClass.SuiteSetup(BaseClass.java:34)
... Removed 20 stack frames]]>
    </failure>
  </testcase> <!-- @BeforeSuite SuiteSetup -->
  <testcase classname="base.BaseClass" name="@BeforeClass ClassSetup" time="0.011">
    <failure type="java.lang.NullPointerException">
      <![CDATA[java.lang.NullPointerException
at java.base/java.util.concurrent.ConcurrentHashMap.putVal(ConcurrentHashMap.java:1011)
at java.base/java.util.concurrent.ConcurrentHashMap.put(ConcurrentHashMap.java:1006)
at java.base/java.util.Properties.put(Properties.java:1334)
at java.base/java.util.Properties.setProperty(Properties.java:229)
at java.base/java.lang.System.setProperty(System.java:915)
at base.BaseClass.openBrowser(BaseClass.java:64)
at base.BaseClass.ClassSetup(BaseClass.java:44)
... Removed 26 stack frames]]>
    </failure>
  </testcase> <!-- @BeforeClass ClassSetup -->
  <testcase classname="tests.Validate_Studio_Location" name="validatePageTitle" time="0.0">
    <skipped/>
  </testcase> <!-- validatePageTitle -->
  <testcase classname="tests.Validate_Studio_Location" name="validateSearchResults" time="0.0">
    <skipped/>
  </testcase> <!-- validateSearchResults -->
</testsuite> <!-- Tic Tac Toe Tests -->
