<?xml version="1.0" encoding="UTF-8"?>
<!-- Generated by org.testng.reporters.JUnitXMLReporter -->
<testsuite ignored="0" hostname="joe-PC" failures="0" tests="3" name="WW Tests" time="26.379" errors="0" timestamp="21 Jul 2021 14:26:54 GMT">
  <testcase classname="tests.Validate_Studio_Location" name="printBusinessHours" time="5.973"/>
  <testcase classname="tests.Validate_Studio_Location" name="validatePageTitle" time="0.092"/>
  <testcase classname="tests.Validate_Studio_Location" name="validateSearchResults" time="3.954"/>
</testsuite> <!-- WW Tests -->
