<?xml version="1.0" encoding="UTF-8"?>
<testng-results ignored="0" total="3" passed="3" failed="0" skipped="0">
  <reporter-output>
  </reporter-output>
  <suite started-at="2021-07-21T14:26:28Z" name="WW Automatiomn" finished-at="2021-07-21T14:26:54Z" duration-ms="26379">
    <groups>
      <group name="All">
        <method signature="Validate_Studio_Location.printBusinessHours()[pri:0, instance:tests.Validate_Studio_Location@4e50c791]" name="printBusinessHours" class="tests.Validate_Studio_Location"/>
        <method signature="Validate_Studio_Location.validatePageTitle()[pri:0, instance:tests.Validate_Studio_Location@4e50c791]" name="validatePageTitle" class="tests.Validate_Studio_Location"/>
        <method signature="Validate_Studio_Location.validateSearchResults()[pri:0, instance:tests.Validate_Studio_Location@4e50c791]" name="validateSearchResults" class="tests.Validate_Studio_Location"/>
      </group> <!-- All -->
    </groups>
    <test started-at="2021-07-21T14:26:28Z" name="WW Tests" finished-at="2021-07-21T14:26:54Z" duration-ms="26379">
      <class name="tests.Validate_Studio_Location">
        <test-method is-config="true" signature="SuiteSetup()[pri:0, instance:tests.Validate_Studio_Location@4e50c791]" started-at="2021-07-21T14:26:28Z" name="SuiteSetup" finished-at="2021-07-21T14:26:28Z" duration-ms="19" status="PASS">
          <reporter-output>
          </reporter-output>
        </test-method> <!-- SuiteSetup -->
        <test-method is-config="true" signature="startTest()[pri:0, instance:tests.Validate_Studio_Location@4e50c791]" started-at="2021-07-21T14:26:28Z" name="startTest" finished-at="2021-07-21T14:26:28Z" duration-ms="1" status="PASS">
          <reporter-output>
          </reporter-output>
        </test-method> <!-- startTest -->
        <test-method is-config="true" signature="ClassSetup(java.lang.String)[pri:0, instance:tests.Validate_Studio_Location@4e50c791]" started-at="2021-07-21T14:26:28Z" name="ClassSetup" finished-at="2021-07-21T14:26:36Z" duration-ms="8026" status="PASS">
          <params>
            <param index="0">
              <value>
                <![CDATA[chrome]]>
              </value>
            </param>
          </params>
          <reporter-output>
          </reporter-output>
        </test-method> <!-- ClassSetup -->
        <test-method signature="printBusinessHours()[pri:0, instance:tests.Validate_Studio_Location@4e50c791]" started-at="2021-07-21T14:26:36Z" name="printBusinessHours" finished-at="2021-07-21T14:26:42Z" duration-ms="5973" status="PASS">
          <reporter-output>
          </reporter-output>
        </test-method> <!-- printBusinessHours -->
        <test-method is-config="true" signature="resetPage()[pri:0, instance:tests.Validate_Studio_Location@4e50c791]" started-at="2021-07-21T14:26:42Z" name="resetPage" finished-at="2021-07-21T14:26:45Z" duration-ms="3065" status="PASS">
          <reporter-output>
          </reporter-output>
        </test-method> <!-- resetPage -->
        <test-method is-config="true" signature="inbetweenReset(org.testng.ITestResult)[pri:0, instance:tests.Validate_Studio_Location@4e50c791]" started-at="2021-07-21T14:26:45Z" name="inbetweenReset" finished-at="2021-07-21T14:26:45Z" duration-ms="2" status="PASS">
          <params>
            <param index="0">
              <value>
                <![CDATA[[TestResult name=printBusinessHours status=SUCCESS method=Validate_Studio_Location.printBusinessHours()[pri:0, instance:tests.Validate_Studio_Location@4e50c791] output={null}]]]>
              </value>
            </param>
          </params>
          <reporter-output>
          </reporter-output>
        </test-method> <!-- inbetweenReset -->
        <test-method signature="validatePageTitle()[pri:0, instance:tests.Validate_Studio_Location@4e50c791]" started-at="2021-07-21T14:26:45Z" name="validatePageTitle" finished-at="2021-07-21T14:26:45Z" duration-ms="92" status="PASS">
          <reporter-output>
          </reporter-output>
        </test-method> <!-- validatePageTitle -->
        <test-method is-config="true" signature="resetPage()[pri:0, instance:tests.Validate_Studio_Location@4e50c791]" started-at="2021-07-21T14:26:45Z" name="resetPage" finished-at="2021-07-21T14:26:48Z" duration-ms="2694" status="PASS">
          <reporter-output>
          </reporter-output>
        </test-method> <!-- resetPage -->
        <test-method is-config="true" signature="inbetweenReset(org.testng.ITestResult)[pri:0, instance:tests.Validate_Studio_Location@4e50c791]" started-at="2021-07-21T14:26:48Z" name="inbetweenReset" finished-at="2021-07-21T14:26:48Z" duration-ms="0" status="PASS">
          <params>
            <param index="0">
              <value>
                <![CDATA[[TestResult name=validatePageTitle status=SUCCESS method=Validate_Studio_Location.validatePageTitle()[pri:0, instance:tests.Validate_Studio_Location@4e50c791] output={null}]]]>
              </value>
            </param>
          </params>
          <reporter-output>
          </reporter-output>
        </test-method> <!-- inbetweenReset -->
        <test-method signature="validateSearchResults()[pri:0, instance:tests.Validate_Studio_Location@4e50c791]" started-at="2021-07-21T14:26:48Z" name="validateSearchResults" finished-at="2021-07-21T14:26:52Z" duration-ms="3954" status="PASS">
          <reporter-output>
          </reporter-output>
        </test-method> <!-- validateSearchResults -->
        <test-method is-config="true" signature="resetPage()[pri:0, instance:tests.Validate_Studio_Location@4e50c791]" started-at="2021-07-21T14:26:52Z" name="resetPage" finished-at="2021-07-21T14:26:54Z" duration-ms="2542" status="PASS">
          <reporter-output>
          </reporter-output>
        </test-method> <!-- resetPage -->
        <test-method is-config="true" signature="inbetweenReset(org.testng.ITestResult)[pri:0, instance:tests.Validate_Studio_Location@4e50c791]" started-at="2021-07-21T14:26:54Z" name="inbetweenReset" finished-at="2021-07-21T14:26:54Z" duration-ms="0" status="PASS">
          <params>
            <param index="0">
              <value>
                <![CDATA[[TestResult name=validateSearchResults status=SUCCESS method=Validate_Studio_Location.validateSearchResults()[pri:0, instance:tests.Validate_Studio_Location@4e50c791] output={null}]]]>
              </value>
            </param>
          </params>
          <reporter-output>
          </reporter-output>
        </test-method> <!-- inbetweenReset -->
        <test-method is-config="true" signature="afterSuite()[pri:0, instance:tests.Validate_Studio_Location@4e50c791]" started-at="2021-07-21T14:26:54Z" name="afterSuite" finished-at="2021-07-21T14:26:55Z" duration-ms="903" status="PASS">
          <reporter-output>
          </reporter-output>
        </test-method> <!-- afterSuite -->
      </class> <!-- tests.Validate_Studio_Location -->
    </test> <!-- WW Tests -->
  </suite> <!-- WW Automatiomn -->
</testng-results>
